Determining if the system is big endian passed with the following output:
Change Dir: /home/sakkep/Koulu/ELEC-A7150-C++Programming/Project/mediaplayer/media-player-2/libs/taglib-1.9.1/CMakeFiles/CMakeTmp

Run Build Command:"/usr/bin/make" "cmTC_02c19/fast"
/usr/bin/make -f CMakeFiles/cmTC_02c19.dir/build.make CMakeFiles/cmTC_02c19.dir/build
make[1]: Entering directory '/home/sakkep/Koulu/ELEC-A7150-C++Programming/Project/mediaplayer/media-player-2/libs/taglib-1.9.1/CMakeFiles/CMakeTmp'
Building C object CMakeFiles/cmTC_02c19.dir/TestEndianess.c.o
/usr/bin/cc    -Wall    -o CMakeFiles/cmTC_02c19.dir/TestEndianess.c.o   -c /home/sakkep/Koulu/ELEC-A7150-C++Programming/Project/mediaplayer/media-player-2/libs/taglib-1.9.1/CMakeFiles/CMakeTmp/TestEndianess.c
Linking C executable cmTC_02c19
/usr/bin/cmake -E cmake_link_script CMakeFiles/cmTC_02c19.dir/link.txt --verbose=1
/usr/bin/cc   -Wall     CMakeFiles/cmTC_02c19.dir/TestEndianess.c.o  -o cmTC_02c19 -rdynamic 
make[1]: Leaving directory '/home/sakkep/Koulu/ELEC-A7150-C++Programming/Project/mediaplayer/media-player-2/libs/taglib-1.9.1/CMakeFiles/CMakeTmp'

TestEndianess.c:
/* A 16 bit integer is required. */
typedef unsigned short cmakeint16;

/* On a little endian machine, these 16bit ints will give "THIS IS LITTLE ENDIAN."
   On a big endian machine the characters will be exchanged pairwise. */
const cmakeint16 info_little[] =  {0x4854, 0x5349, 0x4920, 0x2053, 0x494c, 0x5454, 0x454c, 0x4520, 0x444e, 0x4149, 0x2e4e, 0x0000};

/* on a big endian machine, these 16bit ints will give "THIS IS BIG ENDIAN."
   On a little endian machine the characters will be exchanged pairwise. */
const cmakeint16 info_big[] =     {0x5448, 0x4953, 0x2049, 0x5320, 0x4249, 0x4720, 0x454e, 0x4449, 0x414e, 0x2e2e, 0x0000};

#ifdef __CLASSIC_C__
int main(argc, argv) int argc; char *argv[];
#else
int main(int argc, char *argv[])
#endif
{
  int require = 0;
  require += info_little[argc];
  require += info_big[argc];
  (void)argv;
  return require;
}


Performing C++ SOURCE FILE Test HAVE_STD_ATOMIC failed with the following output:
Change Dir: /home/sakkep/Koulu/ELEC-A7150-C++Programming/Project/mediaplayer/media-player-2/libs/taglib-1.9.1/CMakeFiles/CMakeTmp

Run Build Command:"/usr/bin/make" "cmTC_af324/fast"
/usr/bin/make -f CMakeFiles/cmTC_af324.dir/build.make CMakeFiles/cmTC_af324.dir/build
make[1]: Entering directory '/home/sakkep/Koulu/ELEC-A7150-C++Programming/Project/mediaplayer/media-player-2/libs/taglib-1.9.1/CMakeFiles/CMakeTmp'
Building CXX object CMakeFiles/cmTC_af324.dir/src.cxx.o
/usr/bin/c++     -Wall -DHAVE_STD_ATOMIC   -o CMakeFiles/cmTC_af324.dir/src.cxx.o -c /home/sakkep/Koulu/ELEC-A7150-C++Programming/Project/mediaplayer/media-player-2/libs/taglib-1.9.1/CMakeFiles/CMakeTmp/src.cxx
In file included from /usr/include/c++/5/atomic:38:0,
                 from /home/sakkep/Koulu/ELEC-A7150-C++Programming/Project/mediaplayer/media-player-2/libs/taglib-1.9.1/CMakeFiles/CMakeTmp/src.cxx:2:
/usr/include/c++/5/bits/c++0x_warning.h:32:2: error: #error This file requires compiler and library support for the ISO C++ 2011 standard. This support must be enabled with the -std=c++11 or -std=gnu++11 compiler options.
 #error This file requires compiler and library support \
  ^
/home/sakkep/Koulu/ELEC-A7150-C++Programming/Project/mediaplayer/media-player-2/libs/taglib-1.9.1/CMakeFiles/CMakeTmp/src.cxx: In function ‘int main()’:
/home/sakkep/Koulu/ELEC-A7150-C++Programming/Project/mediaplayer/media-player-2/libs/taglib-1.9.1/CMakeFiles/CMakeTmp/src.cxx:4:5: error: ‘atomic’ is not a member of ‘std’
     std::atomic<unsigned int> x;
     ^
/home/sakkep/Koulu/ELEC-A7150-C++Programming/Project/mediaplayer/media-player-2/libs/taglib-1.9.1/CMakeFiles/CMakeTmp/src.cxx:4:17: error: expected primary-expression before ‘unsigned’
     std::atomic<unsigned int> x;
                 ^
/home/sakkep/Koulu/ELEC-A7150-C++Programming/Project/mediaplayer/media-player-2/libs/taglib-1.9.1/CMakeFiles/CMakeTmp/src.cxx:5:5: error: ‘x’ was not declared in this scope
     x.fetch_add(1);
     ^
CMakeFiles/cmTC_af324.dir/build.make:65: recipe for target 'CMakeFiles/cmTC_af324.dir/src.cxx.o' failed
make[1]: *** [CMakeFiles/cmTC_af324.dir/src.cxx.o] Error 1
make[1]: Leaving directory '/home/sakkep/Koulu/ELEC-A7150-C++Programming/Project/mediaplayer/media-player-2/libs/taglib-1.9.1/CMakeFiles/CMakeTmp'
Makefile:126: recipe for target 'cmTC_af324/fast' failed
make: *** [cmTC_af324/fast] Error 2

Source file was:

  #include <atomic>
  int main() { 
    std::atomic<unsigned int> x;
    x.fetch_add(1);
    x.fetch_sub(1);
    return 0; 
  }

Performing C++ SOURCE FILE Test HAVE_STD_CODECVT failed with the following output:
Change Dir: /home/sakkep/Koulu/ELEC-A7150-C++Programming/Project/mediaplayer/media-player-2/libs/taglib-1.9.1/CMakeFiles/CMakeTmp

Run Build Command:"/usr/bin/make" "cmTC_de5a2/fast"
/usr/bin/make -f CMakeFiles/cmTC_de5a2.dir/build.make CMakeFiles/cmTC_de5a2.dir/build
make[1]: Entering directory '/home/sakkep/Koulu/ELEC-A7150-C++Programming/Project/mediaplayer/media-player-2/libs/taglib-1.9.1/CMakeFiles/CMakeTmp'
Building CXX object CMakeFiles/cmTC_de5a2.dir/src.cxx.o
/usr/bin/c++     -Wall -DHAVE_STD_CODECVT   -o CMakeFiles/cmTC_de5a2.dir/src.cxx.o -c /home/sakkep/Koulu/ELEC-A7150-C++Programming/Project/mediaplayer/media-player-2/libs/taglib-1.9.1/CMakeFiles/CMakeTmp/src.cxx
In file included from /usr/include/c++/5/codecvt:37:0,
                 from /home/sakkep/Koulu/ELEC-A7150-C++Programming/Project/mediaplayer/media-player-2/libs/taglib-1.9.1/CMakeFiles/CMakeTmp/src.cxx:2:
/usr/include/c++/5/bits/c++0x_warning.h:32:2: error: #error This file requires compiler and library support for the ISO C++ 2011 standard. This support must be enabled with the -std=c++11 or -std=gnu++11 compiler options.
 #error This file requires compiler and library support \
  ^
/home/sakkep/Koulu/ELEC-A7150-C++Programming/Project/mediaplayer/media-player-2/libs/taglib-1.9.1/CMakeFiles/CMakeTmp/src.cxx: In function ‘int main()’:
/home/sakkep/Koulu/ELEC-A7150-C++Programming/Project/mediaplayer/media-player-2/libs/taglib-1.9.1/CMakeFiles/CMakeTmp/src.cxx:4:5: error: ‘codecvt_utf8_utf16’ is not a member of ‘std’
     std::codecvt_utf8_utf16<wchar_t> x; 
     ^
/home/sakkep/Koulu/ELEC-A7150-C++Programming/Project/mediaplayer/media-player-2/libs/taglib-1.9.1/CMakeFiles/CMakeTmp/src.cxx:4:29: error: expected primary-expression before ‘wchar_t’
     std::codecvt_utf8_utf16<wchar_t> x; 
                             ^
CMakeFiles/cmTC_de5a2.dir/build.make:65: recipe for target 'CMakeFiles/cmTC_de5a2.dir/src.cxx.o' failed
make[1]: *** [CMakeFiles/cmTC_de5a2.dir/src.cxx.o] Error 1
make[1]: Leaving directory '/home/sakkep/Koulu/ELEC-A7150-C++Programming/Project/mediaplayer/media-player-2/libs/taglib-1.9.1/CMakeFiles/CMakeTmp'
Makefile:126: recipe for target 'cmTC_de5a2/fast' failed
make: *** [cmTC_de5a2/fast] Error 2

Source file was:

  #include <codecvt>
  int main() { 
    std::codecvt_utf8_utf16<wchar_t> x; 
    return 0; 
  }

Determining if the function __RTTI___ exists in the Crun failed with the following output:
Change Dir: /home/sakkep/Koulu/ELEC-A7150-C++Programming/Project/mediaplayer/media-player-2/libs/taglib-1.9.1/CMakeFiles/CMakeTmp

Run Build Command:"/usr/bin/make" "cmTC_6905c/fast"
/usr/bin/make -f CMakeFiles/cmTC_6905c.dir/build.make CMakeFiles/cmTC_6905c.dir/build
make[1]: Entering directory '/home/sakkep/Koulu/ELEC-A7150-C++Programming/Project/mediaplayer/media-player-2/libs/taglib-1.9.1/CMakeFiles/CMakeTmp'
Building C object CMakeFiles/cmTC_6905c.dir/CheckFunctionExists.c.o
/usr/bin/cc    -Wall -DCHECK_FUNCTION_EXISTS=__RTTI___   -o CMakeFiles/cmTC_6905c.dir/CheckFunctionExists.c.o   -c /usr/share/cmake-3.5/Modules/CheckFunctionExists.c
Linking C executable cmTC_6905c
/usr/bin/cmake -E cmake_link_script CMakeFiles/cmTC_6905c.dir/link.txt --verbose=1
/usr/bin/cc   -Wall -DCHECK_FUNCTION_EXISTS=__RTTI___    CMakeFiles/cmTC_6905c.dir/CheckFunctionExists.c.o  -o cmTC_6905c -rdynamic -lCrun 
/usr/bin/ld: ei löydy kohdetta -lCrun
collect2: error: ld returned 1 exit status
CMakeFiles/cmTC_6905c.dir/build.make:97: recipe for target 'cmTC_6905c' failed
make[1]: *** [cmTC_6905c] Error 1
make[1]: Leaving directory '/home/sakkep/Koulu/ELEC-A7150-C++Programming/Project/mediaplayer/media-player-2/libs/taglib-1.9.1/CMakeFiles/CMakeTmp'
Makefile:126: recipe for target 'cmTC_6905c/fast' failed
make: *** [cmTC_6905c/fast] Error 2


